0 info it worked if it ends with ok
1 verbose cli [ '/usr/local/bin/node', '/usr/local/bin/npm', 'run', 'build' ]
2 info using npm@3.8.9
3 info using node@v4.3.1
4 verbose run-script [ 'prebuild', 'build', 'postbuild' ]
5 info lifecycle things-scene-histogram@1.0.0~prebuild: things-scene-histogram@1.0.0
6 silly lifecycle things-scene-histogram@1.0.0~prebuild: no script for prebuild, continuing
7 info lifecycle things-scene-histogram@1.0.0~build: things-scene-histogram@1.0.0
8 verbose lifecycle things-scene-histogram@1.0.0~build: unsafe-perm in lifecycle true
9 verbose lifecycle things-scene-histogram@1.0.0~build: PATH: /usr/local/lib/node_modules/npm/bin/node-gyp-bin:/Users/jyp/Desktop/newDev/things-scene-histogram/node_modules/.bin:/usr/local/bin:/Users/jyp/bin/Sencha/Cmd/4.0.4.84:/Applications/SenchaSDKTools-2.0.0-beta3:/Users/jyp/.rvm/gems/ruby-2.0.0-p195/bin:/Users/jyp/.rvm/gems/ruby-2.0.0-p195@global/bin:/Users/jyp/.rvm/rubies/ruby-2.0.0-p195/bin:/Users/jyp/.rvm/bin:/Users/jyp/setting/apache-maven-3.3.3/bin:/usr/local/bin:/usr/bin:/bin:/usr/sbin:/sbin:/Users/jyp/setting/ndk/:/Users/jyp/setting/apache-ant-1.9.6/bin
10 verbose lifecycle things-scene-histogram@1.0.0~build: CWD: /Users/jyp/Desktop/newDev/things-scene-histogram
11 silly lifecycle things-scene-histogram@1.0.0~build: Args: [ '-c',
11 silly lifecycle   'browserify src/index.js -o things-scene-histogram.js && uglifyjs things-scene-histogram.js -o things-scene-histogram-min.js' ]
12 silly lifecycle things-scene-histogram@1.0.0~build: Returned: code: 1  signal: null
13 info lifecycle things-scene-histogram@1.0.0~build: Failed to exec build script
14 verbose stack Error: things-scene-histogram@1.0.0 build: `browserify src/index.js -o things-scene-histogram.js && uglifyjs things-scene-histogram.js -o things-scene-histogram-min.js`
14 verbose stack Exit status 1
14 verbose stack     at EventEmitter.<anonymous> (/usr/local/lib/node_modules/npm/lib/utils/lifecycle.js:245:16)
14 verbose stack     at emitTwo (events.js:87:13)
14 verbose stack     at EventEmitter.emit (events.js:172:7)
14 verbose stack     at ChildProcess.<anonymous> (/usr/local/lib/node_modules/npm/lib/utils/spawn.js:24:14)
14 verbose stack     at emitTwo (events.js:87:13)
14 verbose stack     at ChildProcess.emit (events.js:172:7)
14 verbose stack     at maybeClose (internal/child_process.js:821:16)
14 verbose stack     at Process.ChildProcess._handle.onexit (internal/child_process.js:211:5)
15 verbose pkgid things-scene-histogram@1.0.0
16 verbose cwd /Users/jyp/Desktop/newDev/things-scene-histogram
17 error Darwin 15.3.0
18 error argv "/usr/local/bin/node" "/usr/local/bin/npm" "run" "build"
19 error node v4.3.1
20 error npm  v3.8.9
21 error code ELIFECYCLE
22 error things-scene-histogram@1.0.0 build: `browserify src/index.js -o things-scene-histogram.js && uglifyjs things-scene-histogram.js -o things-scene-histogram-min.js`
22 error Exit status 1
23 error Failed at the things-scene-histogram@1.0.0 build script 'browserify src/index.js -o things-scene-histogram.js && uglifyjs things-scene-histogram.js -o things-scene-histogram-min.js'.
23 error Make sure you have the latest version of node.js and npm installed.
23 error If you do, this is most likely a problem with the things-scene-histogram package,
23 error not with npm itself.
23 error Tell the author that this fails on your system:
23 error     browserify src/index.js -o things-scene-histogram.js && uglifyjs things-scene-histogram.js -o things-scene-histogram-min.js
23 error You can get information on how to open an issue for this project with:
23 error     npm bugs things-scene-histogram
23 error Or if that isn't available, you can get their info via:
23 error     npm owner ls things-scene-histogram
23 error There is likely additional logging output above.
24 verbose exit [ 1, true ]
